<?xml version="1.0" encoding="UTF-8"?>
<!-- Generated by org.testng.reporters.JUnitReportReporter -->
<testsuite skipped="0" hostname="BD0FJW2" name="VerifyTestNG.TestEmployee" tests="2" failures="0" timestamp="2021-10-07T23:08:36 EDT" time="0.028" errors="0">
  <testcase name="testCalculateAppriasal" time="0.026" classname="VerifyTestNG.TestEmployee"/>
  <system-out/>
  <testcase name="testCalculateYearlySalary" time="0.002" classname="VerifyTestNG.TestEmployee"/>
  <system-out/>
</testsuite> <!-- VerifyTestNG.TestEmployee -->
